\BOOKMARK [0][-]{chapter*.1}{\376\377\000E\000r\000k\000l\000\344\000r\000u\000n\000g}{}% 1
\BOOKMARK [0][-]{chapter*.3}{\376\377\000V\000o\000r\000w\000o\000r\000t}{}% 2
\BOOKMARK [0][-]{chapter*.4}{\376\377\000K\000u\000r\000z\000f\000a\000s\000s\000u\000n\000g}{}% 3
\BOOKMARK [0][-]{chapter*.5}{\376\377\000A\000b\000s\000t\000r\000a\000c\000t}{}% 4
\BOOKMARK [0][-]{chapter.1}{\376\377\000E\000i\000n\000l\000e\000i\000t\000u\000n\000g}{}% 5
\BOOKMARK [1][-]{section.1.1}{\376\377\000P\000r\000o\000b\000l\000e\000m\000s\000t\000e\000l\000l\000u\000n\000g}{chapter.1}% 6
\BOOKMARK [2][-]{subsection.1.1.1}{\376\377\000T\000h\000e\000o\000r\000i\000e\000\040\000d\000e\000r\000\040\000z\000e\000r\000b\000r\000o\000c\000h\000e\000n\000e\000n\000\040\000F\000e\000n\000s\000t\000e\000r}{section.1.1}% 7
\BOOKMARK [1][-]{section.1.2}{\376\377\000L\000\366\000s\000u\000n\000g\000s\000v\000o\000r\000s\000c\000h\000l\000a\000g}{chapter.1}% 8
\BOOKMARK [0][-]{chapter.2}{\376\377\000C\000l\000e\000a\000n\000\040\000C\000o\000d\000e\000\040\000D\000e\000v\000e\000l\000o\000p\000m\000e\000n\000t\000\040\000G\000r\000u\000n\000d\000l\000a\000g\000e\000n}{}% 9
\BOOKMARK [1][-]{section.2.1}{\376\377\000W\000o\000m\000i\000t\000\040\000b\000e\000s\000c\000h\000\344\000f\000t\000i\000g\000t\000\040\000s\000i\000c\000h\000\040\000C\000C\000D\000?}{chapter.2}% 10
\BOOKMARK [1][-]{section.2.2}{\376\377\000W\000o\000h\000e\000r\000\040\000k\000o\000m\000m\000t\000\040\000C\000C\000D\000?}{chapter.2}% 11
\BOOKMARK [1][-]{section.2.3}{\376\377\000Z\000i\000e\000l\000e\000\040\000v\000o\000n\000\040\000C\000C\000D}{chapter.2}% 12
\BOOKMARK [1][-]{section.2.4}{\376\377\000D\000i\000e\000\040\000P\000f\000a\000d\000f\000i\000n\000d\000e\000r\000-\000R\000e\000g\000e\000l}{chapter.2}% 13
\BOOKMARK [1][-]{section.2.5}{\376\377\000S\000m\000e\000l\000l\000s\000\040\000u\000n\000d\000\040\000H\000e\000u\000r\000i\000s\000t\000i\000k\000e\000n}{chapter.2}% 14
\BOOKMARK [2][-]{subsection.2.5.1}{\376\377\000K\000o\000m\000m\000e\000n\000t\000a\000r\000e}{section.2.5}% 15
\BOOKMARK [2][-]{subsection.2.5.2}{\376\377\000U\000m\000g\000e\000b\000u\000n\000g}{section.2.5}% 16
\BOOKMARK [2][-]{subsection.2.5.3}{\376\377\000F\000u\000n\000k\000t\000i\000o\000n\000e\000n}{section.2.5}% 17
\BOOKMARK [2][-]{subsection.2.5.4}{\376\377\000A\000l\000l\000g\000e\000m\000e\000i\000n}{section.2.5}% 18
\BOOKMARK [2][-]{subsection.2.5.5}{\376\377\000N\000a\000m\000e\000n}{section.2.5}% 19
\BOOKMARK [2][-]{subsection.2.5.6}{\376\377\000T\000e\000s\000t\000s}{section.2.5}% 20
\BOOKMARK [1][-]{section.2.6}{\376\377\000C\000o\000d\000i\000n\000g\000\040\000C\000o\000n\000v\000e\000n\000t\000i\000o\000n\000s}{chapter.2}% 21
\BOOKMARK [1][-]{section.2.7}{\376\377\000\334\000b\000e\000r\000p\000r\000\374\000f\000u\000n\000g\000\040\000d\000e\000r\000\040\000C\000C\000D\000\040\000K\000r\000i\000t\000e\000r\000i\000e\000n}{chapter.2}% 22
\BOOKMARK [2][-]{subsection.2.7.1}{\376\377\000S\000t\000a\000t\000i\000s\000c\000h\000e\000\040\000C\000o\000d\000e\000a\000n\000a\000l\000y\000s\000e}{section.2.7}% 23
\BOOKMARK [2][-]{subsection.2.7.2}{\376\377\000C\000o\000d\000e\000\040\000R\000e\000v\000i\000e\000w\000s}{section.2.7}% 24
\BOOKMARK [0][-]{chapter.3}{\376\377\000A\000n\000w\000e\000n\000d\000u\000n\000g\000\040\000d\000e\000r\000\040\000C\000l\000e\000a\000n\000\040\000C\000o\000d\000e\000\040\000D\000e\000v\000e\000l\000o\000p\000m\000e\000n\000t\000\040\000K\000r\000i\000t\000e\000r\000i\000e\000n}{}% 25
\BOOKMARK [1][-]{section.3.1}{\376\377\000D\000u\000p\000l\000i\000z\000i\000e\000r\000u\000n\000g\000e\000n\000\040\000b\000e\000i\000m\000\040\000E\000n\000t\000w\000i\000c\000k\000e\000l\000n\000\040\000v\000o\000n\000\040\000S\000o\000f\000t\000w\000a\000r\000e}{chapter.3}% 26
\BOOKMARK [2][-]{subsection.3.1.1}{\376\377\000D\000u\000p\000l\000i\000z\000i\000e\000r\000u\000n\000g\000\040\000b\000o\000o\000l\000s\000c\000h\000e\000r\000\040\000A\000u\000s\000d\000r\000\374\000c\000k\000e}{section.3.1}% 27
\BOOKMARK [2][-]{subsection.3.1.2}{\376\377\000T\000e\000s\000t\000e\000n\000,\000\040\000E\000r\000z\000e\000u\000g\000e\000n\000\040\000u\000n\000d\000\040\000V\000e\000r\000t\000e\000i\000l\000e\000n\000\040\000v\000o\000n\000\040\000S\000o\000f\000t\000w\000a\000r\000e}{section.3.1}% 28
\BOOKMARK [2][-]{subsection.3.1.3}{\376\377\000R\000e\000d\000u\000n\000d\000a\000n\000t\000e\000\040\000K\000o\000m\000m\000e\000n\000t\000a\000r\000e}{section.3.1}% 29
\BOOKMARK [1][-]{section.3.2}{\376\377\000L\000e\000g\000a\000c\000y\000\040\000C\000o\000d\000e}{chapter.3}% 30
\BOOKMARK [2][-]{subsection.3.2.1}{\376\377\000A\000u\000s\000k\000o\000m\000m\000e\000n\000t\000i\000e\000r\000t\000e\000r\000\040\000C\000o\000d\000e}{section.3.2}% 31
\BOOKMARK [2][-]{subsection.3.2.2}{\376\377\000R\000\374\000c\000k\000g\000a\000b\000e\000\040\000v\000o\000n\000\040\000F\000e\000h\000l\000e\000r\000c\000o\000d\000e\000s}{section.3.2}% 32
\BOOKMARK [2][-]{subsection.3.2.3}{\376\377\000S\000w\000i\000t\000c\000h\000\040\000S\000t\000a\000t\000e\000m\000e\000n\000t\000s}{section.3.2}% 33
\BOOKMARK [2][-]{subsection.3.2.4}{\376\377\000R\000\374\000c\000k\000g\000a\000b\000e\000\040\000v\000o\000n\000\040\000N\000u\000l\000l}{section.3.2}% 34
\BOOKMARK [1][-]{section.3.3}{\376\377\000K\000o\000m\000p\000l\000e\000x\000e\000\040\000S\000t\000r\000u\000k\000t\000u\000r\000e\000n\000\040\000u\000n\000d\000\040\000s\000c\000h\000w\000e\000r\000\040\000v\000e\000r\000s\000t\000\344\000n\000d\000l\000i\000c\000h\000e\000\040\000K\000o\000n\000s\000t\000r\000u\000k\000t\000e}{chapter.3}% 35
\BOOKMARK [2][-]{subsection.3.3.1}{\376\377\000S\000c\000h\000l\000e\000c\000h\000t\000\040\000g\000e\000w\000\344\000h\000l\000t\000e\000\040\000N\000a\000m\000e\000n}{section.3.3}% 36
\BOOKMARK [2][-]{subsection.3.3.2}{\376\377\000K\000a\000p\000s\000e\000l\000n\000\040\000v\000o\000n\000\040\000E\000r\000r\000o\000r\000h\000a\000n\000d\000l\000i\000n\000g\000\040\000i\000n\000\040\000e\000i\000g\000e\000n\000e\000\040\000M\000e\000t\000h\000o\000d\000e\000n}{section.3.3}% 37
\BOOKMARK [2][-]{subsection.3.3.3}{\376\377\000F\000a\000l\000s\000c\000h\000e\000\040\000K\000o\000m\000m\000e\000n\000t\000a\000r\000e}{section.3.3}% 38
\BOOKMARK [2][-]{subsection.3.3.4}{\376\377\000V\000e\000r\000w\000e\000n\000d\000u\000n\000g\000\040\000v\000o\000n\000\040\000M\000a\000g\000i\000c\000\040\000S\000t\000r\000i\000n\000g\000s\000/\000N\000u\000m\000b\000e\000r\000s}{section.3.3}% 39
\BOOKMARK [0][-]{chapter.4}{\376\377\000S\000c\000h\000l\000u\000s\000s\000b\000e\000m\000e\000r\000k\000u\000n\000g\000e\000n}{}% 40
\BOOKMARK [1][-]{section.4.1}{\376\377\000F\000a\000z\000i\000t\000\040\000z\000u\000\040\000C\000C\000D}{chapter.4}% 41
\BOOKMARK [1][-]{section.4.2}{\376\377\000C\000C\000D\000\040\000i\000m\000\040\000a\000l\000l\000t\000\344\000g\000l\000i\000c\000h\000e\000n\000\040\000G\000e\000b\000r\000a\000u\000c\000h}{chapter.4}% 42
\BOOKMARK [0][-]{appendix*.14}{\376\377\000Q\000u\000e\000l\000l\000e\000n\000v\000e\000r\000z\000e\000i\000c\000h\000n\000i\000s}{}% 43
